{"name": "Usuario realiza una orden por 1 producto", "status": "broken", "statusDetails": {"message": "selenium.common.exceptions.TimeoutException: Message: \nStacktrace:\n\tGetHandleVerifier [0x002CFD53+23747]\n\t(No symbol) [0x00257D54]\n\t(No symbol) [0x0012BE53]\n\t(No symbol) [0x0016FCA6]\n\t(No symbol) [0x0016FEEB]\n\t(No symbol) [0x001AD852]\n\t(No symbol) [0x00191E44]\n\t(No symbol) [0x001AB41E]\n\t(No symbol) [0x00191B96]\n\t(No symbol) [0x00163F3C]\n\t(No symbol) [0x00164EBD]\n\tGetHandleVerifier [0x005AAC73+3017699]\n\tGetHandleVerifier [0x005BB93B+3086507]\n\tGetHandleVerifier [0x005B40F2+3055714]\n\tGetHandleVerifier [0x00365AF0+637536]\n\t(No symbol) [0x00260A5D]\n\t(No symbol) [0x0025DA28]\n\t(No symbol) [0x0025DBC5]\n\t(No symbol) [0x002507F0]\n\tBaseThreadInitThunk [0x75BFFCC9+25]\n\tRtlGetAppContainerNamedObjectPath [0x77A7809E+286]\n\tRtlGetAppContainerNamedObjectPath [0x77A7806E+238]\n\t(No symbol) [0x00000000]\n\n", "trace": "  File \"C:\\Users\\CFO Tech\\AppData\\Local\\Programs\\Python\\Python313\\Lib\\site-packages\\behave\\model.py\", line 1329, in run\n    match.run(runner.context)\n    ~~~~~~~~~^^^^^^^^^^^^^^^^\n  File \"C:\\Users\\CFO Tech\\AppData\\Local\\Programs\\Python\\Python313\\Lib\\site-packages\\behave\\matchers.py\", line 98, in run\n    self.func(context, *args, **kwargs)\n    ~~~~~~~~~^^^^^^^^^^^^^^^^^^^^^^^^^^\n  File \"features\\steps\\shopping_cart_steps.py\", line 22, in step_proceed_to_checkout\n    context.shopping_cart.proceed_to_checkout()\n    ~~~~~~~~~~~~~~~~~~~~~~~~~~~~~~~~~~~~~~~~~^^\n  File \"C:\\Users\\CFO Tech\\Desktop\\PRESTASHOP\\features\\pages\\shopping_cart.py\", line 84, in proceed_to_checkout\n    proceed_to_checkout = self.esperar_elemento(self.PROCEED_TO_CHECKOUT_XPATH)\n  File \"C:\\Users\\CFO Tech\\Desktop\\PRESTASHOP\\features\\pages\\shopping_cart.py\", line 57, in esperar_elemento\n    return WebDriverWait(self.driver, timeout).until(\n           ~~~~~~~~~~~~~~~~~~~~~~~~~~~~~~~~~~~~~~~~~^\n        EC.presence_of_element_located((By.XPATH, xpath))\n        ^^^^^^^^^^^^^^^^^^^^^^^^^^^^^^^^^^^^^^^^^^^^^^^^^\n    )\n    ^\n  File \"C:\\Users\\CFO Tech\\AppData\\Local\\Programs\\Python\\Python313\\Lib\\site-packages\\selenium\\webdriver\\support\\wait.py\", line 146, in until\n    raise TimeoutException(message, screen, stacktrace)\n"}, "steps": [{"name": "Given el navegador \"chrome\" está abierto", "status": "passed", "start": 1737641984169, "stop": 1737642011927}, {"name": "When El usuario va a crear una cuenta", "status": "passed", "start": 1737642011927, "stop": 1737642011950}, {"name": "And hace clic en el botón de iniciar sesión", "status": "passed", "start": 1737642011950, "stop": 1737642014048}, {"name": "And hace clic en el botón de registro", "status": "passed", "start": 1737642014048, "stop": 1737642014155}, {"name": "And Llena el formulario de registro con los siguientes datos", "status": "passed", "attachments": [{"name": ".table", "source": "0fe41a2f-cba2-40d9-978e-81653696e637-attachment.csv", "type": "text/csv"}], "start": 1737642014155, "stop": 1737642025989}, {"name": "And Añado el producto al carrito", "status": "passed", "start": 1737642025989, "stop": 1737642039498}, {"name": "And Procedo al checkout", "status": "broken", "statusDetails": {"message": "selenium.common.exceptions.TimeoutException: Message: \nStacktrace:\n\tGetHandleVerifier [0x002CFD53+23747]\n\t(No symbol) [0x00257D54]\n\t(No symbol) [0x0012BE53]\n\t(No symbol) [0x0016FCA6]\n\t(No symbol) [0x0016FEEB]\n\t(No symbol) [0x001AD852]\n\t(No symbol) [0x00191E44]\n\t(No symbol) [0x001AB41E]\n\t(No symbol) [0x00191B96]\n\t(No symbol) [0x00163F3C]\n\t(No symbol) [0x00164EBD]\n\tGetHandleVerifier [0x005AAC73+3017699]\n\tGetHandleVerifier [0x005BB93B+3086507]\n\tGetHandleVerifier [0x005B40F2+3055714]\n\tGetHandleVerifier [0x00365AF0+637536]\n\t(No symbol) [0x00260A5D]\n\t(No symbol) [0x0025DA28]\n\t(No symbol) [0x0025DBC5]\n\t(No symbol) [0x002507F0]\n\tBaseThreadInitThunk [0x75BFFCC9+25]\n\tRtlGetAppContainerNamedObjectPath [0x77A7809E+286]\n\tRtlGetAppContainerNamedObjectPath [0x77A7806E+238]\n\t(No symbol) [0x00000000]\n\n", "trace": "  File \"C:\\Users\\CFO Tech\\AppData\\Local\\Programs\\Python\\Python313\\Lib\\site-packages\\behave\\model.py\", line 1329, in run\n    match.run(runner.context)\n    ~~~~~~~~~^^^^^^^^^^^^^^^^\n  File \"C:\\Users\\CFO Tech\\AppData\\Local\\Programs\\Python\\Python313\\Lib\\site-packages\\behave\\matchers.py\", line 98, in run\n    self.func(context, *args, **kwargs)\n    ~~~~~~~~~^^^^^^^^^^^^^^^^^^^^^^^^^^\n  File \"features\\steps\\shopping_cart_steps.py\", line 22, in step_proceed_to_checkout\n    context.shopping_cart.proceed_to_checkout()\n    ~~~~~~~~~~~~~~~~~~~~~~~~~~~~~~~~~~~~~~~~~^^\n  File \"C:\\Users\\CFO Tech\\Desktop\\PRESTASHOP\\features\\pages\\shopping_cart.py\", line 84, in proceed_to_checkout\n    proceed_to_checkout = self.esperar_elemento(self.PROCEED_TO_CHECKOUT_XPATH)\n  File \"C:\\Users\\CFO Tech\\Desktop\\PRESTASHOP\\features\\pages\\shopping_cart.py\", line 57, in esperar_elemento\n    return WebDriverWait(self.driver, timeout).until(\n           ~~~~~~~~~~~~~~~~~~~~~~~~~~~~~~~~~~~~~~~~~^\n        EC.presence_of_element_located((By.XPATH, xpath))\n        ^^^^^^^^^^^^^^^^^^^^^^^^^^^^^^^^^^^^^^^^^^^^^^^^^\n    )\n    ^\n  File \"C:\\Users\\CFO Tech\\AppData\\Local\\Programs\\Python\\Python313\\Lib\\site-packages\\selenium\\webdriver\\support\\wait.py\", line 146, in until\n    raise TimeoutException(message, screen, stacktrace)\n"}, "start": 1737642039498, "stop": 1737642049781}, {"name": "And Lleno la direccion de envio con", "status": "broken", "statusDetails": {"message": "\nYou can implement step definitions for undefined steps with these snippets:\n\n@when(u'Lleno la direccion de envio con')\ndef step_impl(context):\n    raise NotImplementedError(u'STEP: When Lleno la direccion de envio con')\n\n"}, "attachments": [{"name": ".table", "source": "8122df4d-0933-4e85-b07a-96e0a94c7a1a-attachment.csv", "type": "text/csv"}], "start": 1737642049782, "stop": 1737642049783}, {"name": "And Elijo el metodo de envio", "status": "skipped", "start": 1737642049783, "stop": 1737642049783}, {"name": "And Elijo el metodo de pago", "status": "skipped", "start": 1737642049783, "stop": 1737642049783}, {"name": "Then Podre realizar la compra", "status": "skipped", "start": 1737642049783, "stop": 1737642049783}], "start": 1737641984168, "stop": 1737642049783, "uuid": "57a85a98-a82d-4d0c-88c0-3f6e4cac59ca", "historyId": "bc0ac88de0a2a82845b48a25d6201610", "fullName": "Usuario realiza el flujo de compra: Usuario realiza una orden por 1 producto", "labels": [{"name": "severity", "value": "normal"}, {"name": "feature", "value": "Usuario realiza el flujo de compra"}, {"name": "framework", "value": "behave"}, {"name": "language", "value": "cpython3"}]}