{"name": "Usuario realiza una orden por 1 producto", "status": "broken", "statusDetails": {"message": "selenium.common.exceptions.TimeoutException: Message: \nStacktrace:\n\tGetHandleVerifier [0x002CFD53+23747]\n\t(No symbol) [0x00257D54]\n\t(No symbol) [0x0012BE53]\n\t(No symbol) [0x0016FCA6]\n\t(No symbol) [0x0016FEEB]\n\t(No symbol) [0x001AD852]\n\t(No symbol) [0x00191E44]\n\t(No symbol) [0x001AB41E]\n\t(No symbol) [0x00191B96]\n\t(No symbol) [0x00163F3C]\n\t(No symbol) [0x00164EBD]\n\tGetHandleVerifier [0x005AAC73+3017699]\n\tGetHandleVerifier [0x005BB93B+3086507]\n\tGetHandleVerifier [0x005B40F2+3055714]\n\tGetHandleVerifier [0x00365AF0+637536]\n\t(No symbol) [0x00260A5D]\n\t(No symbol) [0x0025DA28]\n\t(No symbol) [0x0025DBC5]\n\t(No symbol) [0x002507F0]\n\tBaseThreadInitThunk [0x75BFFCC9+25]\n\tRtlGetAppContainerNamedObjectPath [0x77A7809E+286]\n\tRtlGetAppContainerNamedObjectPath [0x77A7806E+238]\n\t(No symbol) [0x00000000]\n\n", "trace": "  File \"C:\\Users\\CFO Tech\\AppData\\Local\\Programs\\Python\\Python313\\Lib\\site-packages\\behave\\model.py\", line 1329, in run\n    match.run(runner.context)\n    ~~~~~~~~~^^^^^^^^^^^^^^^^\n  File \"C:\\Users\\CFO Tech\\AppData\\Local\\Programs\\Python\\Python313\\Lib\\site-packages\\behave\\matchers.py\", line 98, in run\n    self.func(context, *args, **kwargs)\n    ~~~~~~~~~^^^^^^^^^^^^^^^^^^^^^^^^^^\n  File \"features\\steps\\shopping_cart_steps.py\", line 10, in step_add_product_to_cart\n    context.shopping_cart.add_product()\n    ~~~~~~~~~~~~~~~~~~~~~~~~~~~~~~~~~^^\n  File \"C:\\Users\\CFO Tech\\Desktop\\PRESTASHOP\\features\\pages\\shopping_cart.py\", line 66, in add_product\n    product = self.esperar_elemento(self.PRODUCT_HUMMINGBIRD_XPATH)\n  File \"C:\\Users\\CFO Tech\\Desktop\\PRESTASHOP\\features\\pages\\shopping_cart.py\", line 56, in esperar_elemento\n    return WebDriverWait(self.driver, timeout).until(\n           ~~~~~~~~~~~~~~~~~~~~~~~~~~~~~~~~~~~~~~~~~^\n        EC.presence_of_element_located((By.XPATH, xpath))\n        ^^^^^^^^^^^^^^^^^^^^^^^^^^^^^^^^^^^^^^^^^^^^^^^^^\n    )\n    ^\n  File \"C:\\Users\\CFO Tech\\AppData\\Local\\Programs\\Python\\Python313\\Lib\\site-packages\\selenium\\webdriver\\support\\wait.py\", line 146, in until\n    raise TimeoutException(message, screen, stacktrace)\n"}, "steps": [{"name": "Given el navegador \"chrome\" está abierto", "status": "passed", "start": 1737641233547, "stop": 1737641260133}, {"name": "When El usuario va a crear una cuenta", "status": "passed", "start": 1737641260134, "stop": 1737641260149}, {"name": "And hace clic en el botón de iniciar sesión", "status": "passed", "start": 1737641260149, "stop": 1737641262255}, {"name": "And hace clic en el botón de registro", "status": "passed", "start": 1737641262256, "stop": 1737641262347}, {"name": "And Llena el formulario de registro con los siguientes datos", "status": "passed", "attachments": [{"name": ".table", "source": "a6fd7af3-b7ea-4a3c-8233-b2b050437d33-attachment.csv", "type": "text/csv"}], "start": 1737641262347, "stop": 1737641273631}, {"name": "And Añado el producto al carrito", "status": "broken", "statusDetails": {"message": "selenium.common.exceptions.TimeoutException: Message: \nStacktrace:\n\tGetHandleVerifier [0x002CFD53+23747]\n\t(No symbol) [0x00257D54]\n\t(No symbol) [0x0012BE53]\n\t(No symbol) [0x0016FCA6]\n\t(No symbol) [0x0016FEEB]\n\t(No symbol) [0x001AD852]\n\t(No symbol) [0x00191E44]\n\t(No symbol) [0x001AB41E]\n\t(No symbol) [0x00191B96]\n\t(No symbol) [0x00163F3C]\n\t(No symbol) [0x00164EBD]\n\tGetHandleVerifier [0x005AAC73+3017699]\n\tGetHandleVerifier [0x005BB93B+3086507]\n\tGetHandleVerifier [0x005B40F2+3055714]\n\tGetHandleVerifier [0x00365AF0+637536]\n\t(No symbol) [0x00260A5D]\n\t(No symbol) [0x0025DA28]\n\t(No symbol) [0x0025DBC5]\n\t(No symbol) [0x002507F0]\n\tBaseThreadInitThunk [0x75BFFCC9+25]\n\tRtlGetAppContainerNamedObjectPath [0x77A7809E+286]\n\tRtlGetAppContainerNamedObjectPath [0x77A7806E+238]\n\t(No symbol) [0x00000000]\n\n", "trace": "  File \"C:\\Users\\CFO Tech\\AppData\\Local\\Programs\\Python\\Python313\\Lib\\site-packages\\behave\\model.py\", line 1329, in run\n    match.run(runner.context)\n    ~~~~~~~~~^^^^^^^^^^^^^^^^\n  File \"C:\\Users\\CFO Tech\\AppData\\Local\\Programs\\Python\\Python313\\Lib\\site-packages\\behave\\matchers.py\", line 98, in run\n    self.func(context, *args, **kwargs)\n    ~~~~~~~~~^^^^^^^^^^^^^^^^^^^^^^^^^^\n  File \"features\\steps\\shopping_cart_steps.py\", line 10, in step_add_product_to_cart\n    context.shopping_cart.add_product()\n    ~~~~~~~~~~~~~~~~~~~~~~~~~~~~~~~~~^^\n  File \"C:\\Users\\CFO Tech\\Desktop\\PRESTASHOP\\features\\pages\\shopping_cart.py\", line 66, in add_product\n    product = self.esperar_elemento(self.PRODUCT_HUMMINGBIRD_XPATH)\n  File \"C:\\Users\\CFO Tech\\Desktop\\PRESTASHOP\\features\\pages\\shopping_cart.py\", line 56, in esperar_elemento\n    return WebDriverWait(self.driver, timeout).until(\n           ~~~~~~~~~~~~~~~~~~~~~~~~~~~~~~~~~~~~~~~~~^\n        EC.presence_of_element_located((By.XPATH, xpath))\n        ^^^^^^^^^^^^^^^^^^^^^^^^^^^^^^^^^^^^^^^^^^^^^^^^^\n    )\n    ^\n  File \"C:\\Users\\CFO Tech\\AppData\\Local\\Programs\\Python\\Python313\\Lib\\site-packages\\selenium\\webdriver\\support\\wait.py\", line 146, in until\n    raise TimeoutException(message, screen, stacktrace)\n"}, "start": 1737641273632, "stop": 1737641287120}, {"name": "And Procedo al checkout", "status": "skipped", "start": 1737641287122, "stop": 1737641287122}, {"name": "And Lleno la direccion de envio con", "status": "broken", "statusDetails": {"message": "\nYou can implement step definitions for undefined steps with these snippets:\n\n@when(u'Lleno la direccion de envio con')\ndef step_impl(context):\n    raise NotImplementedError(u'STEP: When Lleno la direccion de envio con')\n\n"}, "attachments": [{"name": ".table", "source": "ea904692-f09a-41fc-ac1f-e7313b10754e-attachment.csv", "type": "text/csv"}], "start": 1737641287122, "stop": 1737641287122}, {"name": "And Elijo el metodo de envio", "status": "skipped", "start": 1737641287122, "stop": 1737641287122}, {"name": "And Elijo el metodo de pago", "status": "skipped", "start": 1737641287122, "stop": 1737641287122}, {"name": "Then Podre realizar la compra", "status": "skipped", "start": 1737641287122, "stop": 1737641287122}], "start": 1737641233545, "stop": 1737641287122, "uuid": "724a39b1-dbbd-4f8a-bb2b-4c3f6a4a23dc", "historyId": "bc0ac88de0a2a82845b48a25d6201610", "fullName": "Usuario realiza el flujo de compra: Usuario realiza una orden por 1 producto", "labels": [{"name": "severity", "value": "normal"}, {"name": "feature", "value": "Usuario realiza el flujo de compra"}, {"name": "framework", "value": "behave"}, {"name": "language", "value": "cpython3"}]}